Determining if files direct.h exist failed with the following output:
Change Dir: /NOBACKUP/davoudss/gromacs-4.6.1/CMakeFiles/CMakeTmp

Run Build Command:/usr/bin/make "cmTryCompileExec/fast"
make[1]: Entering directory `/NOBACKUP/davoudss/gromacs-4.6.1/CMakeFiles/CMakeTmp'
/usr/bin/make -f CMakeFiles/cmTryCompileExec.dir/build.make CMakeFiles/cmTryCompileExec.dir/build
make[2]: Entering directory `/NOBACKUP/davoudss/gromacs-4.6.1/CMakeFiles/CMakeTmp'
/usr/bin/cmake -E cmake_progress_report /NOBACKUP/davoudss/gromacs-4.6.1/CMakeFiles/CMakeTmp/CMakeFiles 1
Building C object CMakeFiles/cmTryCompileExec.dir/CheckIncludeFiles.c.o
/usr/bin/gcc   -Wextra -Wno-missing-field-initializers -Wno-sign-compare -Wall -Wno-unused -Wunused-value       -o CMakeFiles/cmTryCompileExec.dir/CheckIncludeFiles.c.o   -c /NOBACKUP/davoudss/gromacs-4.6.1/CMakeFiles/CMakeTmp/CheckIncludeFiles.c
/NOBACKUP/davoudss/gromacs-4.6.1/CMakeFiles/CMakeTmp/CheckIncludeFiles.c:2:20: fatal error: direct.h: No such file or directory
compilation terminated.
make[2]: *** [CMakeFiles/cmTryCompileExec.dir/CheckIncludeFiles.c.o] Error 1
make[2]: Leaving directory `/NOBACKUP/davoudss/gromacs-4.6.1/CMakeFiles/CMakeTmp'
make[1]: *** [cmTryCompileExec/fast] Error 2
make[1]: Leaving directory `/NOBACKUP/davoudss/gromacs-4.6.1/CMakeFiles/CMakeTmp'

Source:
/* */
#include <direct.h>


int main(){return 0;}

Determining if files io.h exist failed with the following output:
Change Dir: /NOBACKUP/davoudss/gromacs-4.6.1/CMakeFiles/CMakeTmp

Run Build Command:/usr/bin/make "cmTryCompileExec/fast"
make[1]: Entering directory `/NOBACKUP/davoudss/gromacs-4.6.1/CMakeFiles/CMakeTmp'
/usr/bin/make -f CMakeFiles/cmTryCompileExec.dir/build.make CMakeFiles/cmTryCompileExec.dir/build
make[2]: Entering directory `/NOBACKUP/davoudss/gromacs-4.6.1/CMakeFiles/CMakeTmp'
/usr/bin/cmake -E cmake_progress_report /NOBACKUP/davoudss/gromacs-4.6.1/CMakeFiles/CMakeTmp/CMakeFiles 1
Building C object CMakeFiles/cmTryCompileExec.dir/CheckIncludeFiles.c.o
/usr/bin/gcc   -Wextra -Wno-missing-field-initializers -Wno-sign-compare -Wall -Wno-unused -Wunused-value       -o CMakeFiles/cmTryCompileExec.dir/CheckIncludeFiles.c.o   -c /NOBACKUP/davoudss/gromacs-4.6.1/CMakeFiles/CMakeTmp/CheckIncludeFiles.c
/NOBACKUP/davoudss/gromacs-4.6.1/CMakeFiles/CMakeTmp/CheckIncludeFiles.c:2:16: fatal error: io.h: No such file or directory
compilation terminated.
make[2]: *** [CMakeFiles/cmTryCompileExec.dir/CheckIncludeFiles.c.o] Error 1
make[2]: Leaving directory `/NOBACKUP/davoudss/gromacs-4.6.1/CMakeFiles/CMakeTmp'
make[1]: *** [cmTryCompileExec/fast] Error 2
make[1]: Leaving directory `/NOBACKUP/davoudss/gromacs-4.6.1/CMakeFiles/CMakeTmp'

Source:
/* */
#include <io.h>


int main(){return 0;}

Determining if the function _aligned_malloc exists failed with the following output:
Change Dir: /NOBACKUP/davoudss/gromacs-4.6.1/CMakeFiles/CMakeTmp

Run Build Command:/usr/bin/make "cmTryCompileExec/fast"
make[1]: Entering directory `/NOBACKUP/davoudss/gromacs-4.6.1/CMakeFiles/CMakeTmp'
/usr/bin/make -f CMakeFiles/cmTryCompileExec.dir/build.make CMakeFiles/cmTryCompileExec.dir/build
make[2]: Entering directory `/NOBACKUP/davoudss/gromacs-4.6.1/CMakeFiles/CMakeTmp'
/usr/bin/cmake -E cmake_progress_report /NOBACKUP/davoudss/gromacs-4.6.1/CMakeFiles/CMakeTmp/CMakeFiles 1
Building C object CMakeFiles/cmTryCompileExec.dir/CheckFunctionExists.c.o
/usr/bin/gcc   -Wextra -Wno-missing-field-initializers -Wno-sign-compare -Wall -Wno-unused -Wunused-value    -DCHECK_FUNCTION_EXISTS=_aligned_malloc   -o CMakeFiles/cmTryCompileExec.dir/CheckFunctionExists.c.o   -c /usr/share/cmake-2.8/Modules/CheckFunctionExists.c
Linking C executable cmTryCompileExec
/usr/bin/cmake -E cmake_link_script CMakeFiles/cmTryCompileExec.dir/link.txt --verbose=1
/usr/bin/gcc   -Wextra -Wno-missing-field-initializers -Wno-sign-compare -Wall -Wno-unused -Wunused-value    -DCHECK_FUNCTION_EXISTS=_aligned_malloc    CMakeFiles/cmTryCompileExec.dir/CheckFunctionExists.c.o  -o cmTryCompileExec -rdynamic 
CMakeFiles/cmTryCompileExec.dir/CheckFunctionExists.c.o: In function `main':
CheckFunctionExists.c:(.text+0x15): undefined reference to `_aligned_malloc'
collect2: ld returned 1 exit status
make[2]: *** [cmTryCompileExec] Error 1
make[2]: Leaving directory `/NOBACKUP/davoudss/gromacs-4.6.1/CMakeFiles/CMakeTmp'
make[1]: *** [cmTryCompileExec/fast] Error 2
make[1]: Leaving directory `/NOBACKUP/davoudss/gromacs-4.6.1/CMakeFiles/CMakeTmp'


Determining if the function _isnan exists failed with the following output:
Change Dir: /NOBACKUP/davoudss/gromacs-4.6.1/CMakeFiles/CMakeTmp

Run Build Command:/usr/bin/make "cmTryCompileExec/fast"
make[1]: Entering directory `/NOBACKUP/davoudss/gromacs-4.6.1/CMakeFiles/CMakeTmp'
/usr/bin/make -f CMakeFiles/cmTryCompileExec.dir/build.make CMakeFiles/cmTryCompileExec.dir/build
make[2]: Entering directory `/NOBACKUP/davoudss/gromacs-4.6.1/CMakeFiles/CMakeTmp'
/usr/bin/cmake -E cmake_progress_report /NOBACKUP/davoudss/gromacs-4.6.1/CMakeFiles/CMakeTmp/CMakeFiles 1
Building C object CMakeFiles/cmTryCompileExec.dir/CheckFunctionExists.c.o
/usr/bin/gcc   -Wextra -Wno-missing-field-initializers -Wno-sign-compare -Wall -Wno-unused -Wunused-value    -DCHECK_FUNCTION_EXISTS=_isnan   -o CMakeFiles/cmTryCompileExec.dir/CheckFunctionExists.c.o   -c /usr/share/cmake-2.8/Modules/CheckFunctionExists.c
Linking C executable cmTryCompileExec
/usr/bin/cmake -E cmake_link_script CMakeFiles/cmTryCompileExec.dir/link.txt --verbose=1
/usr/bin/gcc   -Wextra -Wno-missing-field-initializers -Wno-sign-compare -Wall -Wno-unused -Wunused-value    -DCHECK_FUNCTION_EXISTS=_isnan    CMakeFiles/cmTryCompileExec.dir/CheckFunctionExists.c.o  -o cmTryCompileExec -rdynamic 
CMakeFiles/cmTryCompileExec.dir/CheckFunctionExists.c.o: In function `main':
CheckFunctionExists.c:(.text+0x15): undefined reference to `_isnan'
collect2: ld returned 1 exit status
make[2]: *** [cmTryCompileExec] Error 1
make[2]: Leaving directory `/NOBACKUP/davoudss/gromacs-4.6.1/CMakeFiles/CMakeTmp'
make[1]: *** [cmTryCompileExec/fast] Error 2
make[1]: Leaving directory `/NOBACKUP/davoudss/gromacs-4.6.1/CMakeFiles/CMakeTmp'


Determining if the function _fileno exists failed with the following output:
Change Dir: /NOBACKUP/davoudss/gromacs-4.6.1/CMakeFiles/CMakeTmp

Run Build Command:/usr/bin/make "cmTryCompileExec/fast"
make[1]: Entering directory `/NOBACKUP/davoudss/gromacs-4.6.1/CMakeFiles/CMakeTmp'
/usr/bin/make -f CMakeFiles/cmTryCompileExec.dir/build.make CMakeFiles/cmTryCompileExec.dir/build
make[2]: Entering directory `/NOBACKUP/davoudss/gromacs-4.6.1/CMakeFiles/CMakeTmp'
/usr/bin/cmake -E cmake_progress_report /NOBACKUP/davoudss/gromacs-4.6.1/CMakeFiles/CMakeTmp/CMakeFiles 1
Building C object CMakeFiles/cmTryCompileExec.dir/CheckFunctionExists.c.o
/usr/bin/gcc   -Wextra -Wno-missing-field-initializers -Wno-sign-compare -Wall -Wno-unused -Wunused-value    -DCHECK_FUNCTION_EXISTS=_fileno   -o CMakeFiles/cmTryCompileExec.dir/CheckFunctionExists.c.o   -c /usr/share/cmake-2.8/Modules/CheckFunctionExists.c
Linking C executable cmTryCompileExec
/usr/bin/cmake -E cmake_link_script CMakeFiles/cmTryCompileExec.dir/link.txt --verbose=1
/usr/bin/gcc   -Wextra -Wno-missing-field-initializers -Wno-sign-compare -Wall -Wno-unused -Wunused-value    -DCHECK_FUNCTION_EXISTS=_fileno    CMakeFiles/cmTryCompileExec.dir/CheckFunctionExists.c.o  -o cmTryCompileExec -rdynamic 
CMakeFiles/cmTryCompileExec.dir/CheckFunctionExists.c.o: In function `main':
CheckFunctionExists.c:(.text+0x15): undefined reference to `_fileno'
collect2: ld returned 1 exit status
make[2]: *** [cmTryCompileExec] Error 1
make[2]: Leaving directory `/NOBACKUP/davoudss/gromacs-4.6.1/CMakeFiles/CMakeTmp'
make[1]: Leaving directory `/NOBACKUP/davoudss/gromacs-4.6.1/CMakeFiles/CMakeTmp'
make[1]: *** [cmTryCompileExec/fast] Error 2


Determining if the function _commit exists failed with the following output:
Change Dir: /NOBACKUP/davoudss/gromacs-4.6.1/CMakeFiles/CMakeTmp

Run Build Command:/usr/bin/make "cmTryCompileExec/fast"
make[1]: Entering directory `/NOBACKUP/davoudss/gromacs-4.6.1/CMakeFiles/CMakeTmp'
/usr/bin/make -f CMakeFiles/cmTryCompileExec.dir/build.make CMakeFiles/cmTryCompileExec.dir/build
make[2]: Entering directory `/NOBACKUP/davoudss/gromacs-4.6.1/CMakeFiles/CMakeTmp'
/usr/bin/cmake -E cmake_progress_report /NOBACKUP/davoudss/gromacs-4.6.1/CMakeFiles/CMakeTmp/CMakeFiles 1
Building C object CMakeFiles/cmTryCompileExec.dir/CheckFunctionExists.c.o
/usr/bin/gcc   -Wextra -Wno-missing-field-initializers -Wno-sign-compare -Wall -Wno-unused -Wunused-value    -DCHECK_FUNCTION_EXISTS=_commit   -o CMakeFiles/cmTryCompileExec.dir/CheckFunctionExists.c.o   -c /usr/share/cmake-2.8/Modules/CheckFunctionExists.c
Linking C executable cmTryCompileExec
/usr/bin/cmake -E cmake_link_script CMakeFiles/cmTryCompileExec.dir/link.txt --verbose=1
/usr/bin/gcc   -Wextra -Wno-missing-field-initializers -Wno-sign-compare -Wall -Wno-unused -Wunused-value    -DCHECK_FUNCTION_EXISTS=_commit    CMakeFiles/cmTryCompileExec.dir/CheckFunctionExists.c.o  -o cmTryCompileExec -rdynamic 
CMakeFiles/cmTryCompileExec.dir/CheckFunctionExists.c.o: In function `main':
CheckFunctionExists.c:(.text+0x15): undefined reference to `_commit'
collect2: ld returned 1 exit status
make[2]: Leaving directory `/NOBACKUP/davoudss/gromacs-4.6.1/CMakeFiles/CMakeTmp'
make[2]: *** [cmTryCompileExec] Error 1
make[1]: Leaving directory `/NOBACKUP/davoudss/gromacs-4.6.1/CMakeFiles/CMakeTmp'
make[1]: *** [cmTryCompileExec/fast] Error 2


Determining if the function rsqrt exists failed with the following output:
Change Dir: /NOBACKUP/davoudss/gromacs-4.6.1/CMakeFiles/CMakeTmp

Run Build Command:/usr/bin/make "cmTryCompileExec/fast"
make[1]: Entering directory `/NOBACKUP/davoudss/gromacs-4.6.1/CMakeFiles/CMakeTmp'
/usr/bin/make -f CMakeFiles/cmTryCompileExec.dir/build.make CMakeFiles/cmTryCompileExec.dir/build
make[2]: Entering directory `/NOBACKUP/davoudss/gromacs-4.6.1/CMakeFiles/CMakeTmp'
/usr/bin/cmake -E cmake_progress_report /NOBACKUP/davoudss/gromacs-4.6.1/CMakeFiles/CMakeTmp/CMakeFiles 1
Building C object CMakeFiles/cmTryCompileExec.dir/CheckFunctionExists.c.o
/usr/bin/gcc   -Wextra -Wno-missing-field-initializers -Wno-sign-compare -Wall -Wno-unused -Wunused-value    -DCHECK_FUNCTION_EXISTS=rsqrt   -o CMakeFiles/cmTryCompileExec.dir/CheckFunctionExists.c.o   -c /usr/share/cmake-2.8/Modules/CheckFunctionExists.c
Linking C executable cmTryCompileExec
/usr/bin/cmake -E cmake_link_script CMakeFiles/cmTryCompileExec.dir/link.txt --verbose=1
/usr/bin/gcc   -Wextra -Wno-missing-field-initializers -Wno-sign-compare -Wall -Wno-unused -Wunused-value    -DCHECK_FUNCTION_EXISTS=rsqrt    CMakeFiles/cmTryCompileExec.dir/CheckFunctionExists.c.o  -o cmTryCompileExec -rdynamic 
CMakeFiles/cmTryCompileExec.dir/CheckFunctionExists.c.o: In function `main':
CheckFunctionExists.c:(.text+0x15): undefined reference to `rsqrt'
collect2: ld returned 1 exit status
make[2]: *** [cmTryCompileExec] Error 1
make[2]: Leaving directory `/NOBACKUP/davoudss/gromacs-4.6.1/CMakeFiles/CMakeTmp'
make[1]: *** [cmTryCompileExec/fast] Error 2
make[1]: Leaving directory `/NOBACKUP/davoudss/gromacs-4.6.1/CMakeFiles/CMakeTmp'


Determining if the function rsqrtf exists failed with the following output:
Change Dir: /NOBACKUP/davoudss/gromacs-4.6.1/CMakeFiles/CMakeTmp

Run Build Command:/usr/bin/make "cmTryCompileExec/fast"
make[1]: Entering directory `/NOBACKUP/davoudss/gromacs-4.6.1/CMakeFiles/CMakeTmp'
/usr/bin/make -f CMakeFiles/cmTryCompileExec.dir/build.make CMakeFiles/cmTryCompileExec.dir/build
make[2]: Entering directory `/NOBACKUP/davoudss/gromacs-4.6.1/CMakeFiles/CMakeTmp'
/usr/bin/cmake -E cmake_progress_report /NOBACKUP/davoudss/gromacs-4.6.1/CMakeFiles/CMakeTmp/CMakeFiles 1
Building C object CMakeFiles/cmTryCompileExec.dir/CheckFunctionExists.c.o
/usr/bin/gcc   -Wextra -Wno-missing-field-initializers -Wno-sign-compare -Wall -Wno-unused -Wunused-value    -DCHECK_FUNCTION_EXISTS=rsqrtf   -o CMakeFiles/cmTryCompileExec.dir/CheckFunctionExists.c.o   -c /usr/share/cmake-2.8/Modules/CheckFunctionExists.c
Linking C executable cmTryCompileExec
/usr/bin/cmake -E cmake_link_script CMakeFiles/cmTryCompileExec.dir/link.txt --verbose=1
/usr/bin/gcc   -Wextra -Wno-missing-field-initializers -Wno-sign-compare -Wall -Wno-unused -Wunused-value    -DCHECK_FUNCTION_EXISTS=rsqrtf    CMakeFiles/cmTryCompileExec.dir/CheckFunctionExists.c.o  -o cmTryCompileExec -rdynamic 
CMakeFiles/cmTryCompileExec.dir/CheckFunctionExists.c.o: In function `main':
CheckFunctionExists.c:(.text+0x15): undefined reference to `rsqrtf'
collect2: ld returned 1 exit status
make[2]: *** [cmTryCompileExec] Error 1
make[2]: Leaving directory `/NOBACKUP/davoudss/gromacs-4.6.1/CMakeFiles/CMakeTmp'
make[1]: Leaving directory `/NOBACKUP/davoudss/gromacs-4.6.1/CMakeFiles/CMakeTmp'
make[1]: *** [cmTryCompileExec/fast] Error 2


Determining if the function sqrtf exists failed with the following output:
Change Dir: /NOBACKUP/davoudss/gromacs-4.6.1/CMakeFiles/CMakeTmp

Run Build Command:/usr/bin/make "cmTryCompileExec/fast"
make[1]: Entering directory `/NOBACKUP/davoudss/gromacs-4.6.1/CMakeFiles/CMakeTmp'
/usr/bin/make -f CMakeFiles/cmTryCompileExec.dir/build.make CMakeFiles/cmTryCompileExec.dir/build
make[2]: Entering directory `/NOBACKUP/davoudss/gromacs-4.6.1/CMakeFiles/CMakeTmp'
/usr/bin/cmake -E cmake_progress_report /NOBACKUP/davoudss/gromacs-4.6.1/CMakeFiles/CMakeTmp/CMakeFiles 1
Building C object CMakeFiles/cmTryCompileExec.dir/CheckFunctionExists.c.o
/usr/bin/gcc   -Wextra -Wno-missing-field-initializers -Wno-sign-compare -Wall -Wno-unused -Wunused-value    -DCHECK_FUNCTION_EXISTS=sqrtf   -o CMakeFiles/cmTryCompileExec.dir/CheckFunctionExists.c.o   -c /usr/share/cmake-2.8/Modules/CheckFunctionExists.c
/usr/share/cmake-2.8/Modules/CheckFunctionExists.c:3:6: warning: conflicting types for built-in function ‘sqrtf’ [enabled by default]
Linking C executable cmTryCompileExec
/usr/bin/cmake -E cmake_link_script CMakeFiles/cmTryCompileExec.dir/link.txt --verbose=1
/usr/bin/gcc   -Wextra -Wno-missing-field-initializers -Wno-sign-compare -Wall -Wno-unused -Wunused-value    -DCHECK_FUNCTION_EXISTS=sqrtf    CMakeFiles/cmTryCompileExec.dir/CheckFunctionExists.c.o  -o cmTryCompileExec -rdynamic 
CMakeFiles/cmTryCompileExec.dir/CheckFunctionExists.c.o: In function `main':
CheckFunctionExists.c:(.text+0x15): undefined reference to `sqrtf'
collect2: ld returned 1 exit status
make[2]: *** [cmTryCompileExec] Error 1
make[2]: Leaving directory `/NOBACKUP/davoudss/gromacs-4.6.1/CMakeFiles/CMakeTmp'
make[1]: Leaving directory `/NOBACKUP/davoudss/gromacs-4.6.1/CMakeFiles/CMakeTmp'
make[1]: *** [cmTryCompileExec/fast] Error 2


Determining size of bool failed with the following output:
Change Dir: /NOBACKUP/davoudss/gromacs-4.6.1/CMakeFiles/CMakeTmp

Run Build Command:/usr/bin/make "cmTryCompileExec/fast"
make[1]: Entering directory `/NOBACKUP/davoudss/gromacs-4.6.1/CMakeFiles/CMakeTmp'
/usr/bin/make -f CMakeFiles/cmTryCompileExec.dir/build.make CMakeFiles/cmTryCompileExec.dir/build
make[2]: Entering directory `/NOBACKUP/davoudss/gromacs-4.6.1/CMakeFiles/CMakeTmp'
/usr/bin/cmake -E cmake_progress_report /NOBACKUP/davoudss/gromacs-4.6.1/CMakeFiles/CMakeTmp/CMakeFiles 1
Building C object CMakeFiles/cmTryCompileExec.dir/SIZEOF_BOOL.c.o
/usr/bin/gcc   -Wextra -Wno-missing-field-initializers -Wno-sign-compare -Wall -Wno-unused -Wunused-value       -o CMakeFiles/cmTryCompileExec.dir/SIZEOF_BOOL.c.o   -c /NOBACKUP/davoudss/gromacs-4.6.1/CMakeFiles/CheckTypeSize/SIZEOF_BOOL.c
/NOBACKUP/davoudss/gromacs-4.6.1/CMakeFiles/CheckTypeSize/SIZEOF_BOOL.c:19:12: error: ‘bool’ undeclared here (not in a function)
make[2]: *** [CMakeFiles/cmTryCompileExec.dir/SIZEOF_BOOL.c.o] Error 1
make[2]: Leaving directory `/NOBACKUP/davoudss/gromacs-4.6.1/CMakeFiles/CMakeTmp'
make[1]: *** [cmTryCompileExec/fast] Error 2
make[1]: Leaving directory `/NOBACKUP/davoudss/gromacs-4.6.1/CMakeFiles/CMakeTmp'

/NOBACKUP/davoudss/gromacs-4.6.1/CMakeFiles/CheckTypeSize/SIZEOF_BOOL.c:
#include <sys/types.h>
#include <stdint.h>
#include <stddef.h>


#undef KEY
#if defined(__i386)
# define KEY '_','_','i','3','8','6'
#elif defined(__x86_64)
# define KEY '_','_','x','8','6','_','6','4'
#elif defined(__ppc__)
# define KEY '_','_','p','p','c','_','_'
#elif defined(__ppc64__)
# define KEY '_','_','p','p','c','6','4','_','_'
#endif

#define SIZE (sizeof(bool))
char info_size[] =  {'I', 'N', 'F', 'O', ':', 's','i','z','e','[',
  ('0' + ((SIZE / 10000)%10)),
  ('0' + ((SIZE / 1000)%10)),
  ('0' + ((SIZE / 100)%10)),
  ('0' + ((SIZE / 10)%10)),
  ('0' +  (SIZE    % 10)),
  ']',
#ifdef KEY
  ' ','k','e','y','[', KEY, ']',
#endif
  '\0'};

#ifdef __CLASSIC_C__
int main(argc, argv) int argc; char *argv[];
#else
int main(int argc, char *argv[])
#endif
{
  int require = 0;
  require += info_size[argc];
  (void)argv;
  return require;
}


Determining if the system is big endian passed with the following output:
Change Dir: /NOBACKUP/davoudss/gromacs-4.6.1/CMakeFiles/CMakeTmp

Run Build Command:/usr/bin/make "cmTryCompileExec/fast"
make[1]: Entering directory `/NOBACKUP/davoudss/gromacs-4.6.1/CMakeFiles/CMakeTmp'
/usr/bin/make -f CMakeFiles/cmTryCompileExec.dir/build.make CMakeFiles/cmTryCompileExec.dir/build
make[2]: Entering directory `/NOBACKUP/davoudss/gromacs-4.6.1/CMakeFiles/CMakeTmp'
/usr/bin/cmake -E cmake_progress_report /NOBACKUP/davoudss/gromacs-4.6.1/CMakeFiles/CMakeTmp/CMakeFiles 1
Building C object CMakeFiles/cmTryCompileExec.dir/TestEndianess.c.o
/usr/bin/gcc   -Wextra -Wno-missing-field-initializers -Wno-sign-compare -Wall -Wno-unused -Wunused-value       -o CMakeFiles/cmTryCompileExec.dir/TestEndianess.c.o   -c /NOBACKUP/davoudss/gromacs-4.6.1/CMakeFiles/CMakeTmp/TestEndianess.c
Linking C executable cmTryCompileExec
/usr/bin/cmake -E cmake_link_script CMakeFiles/cmTryCompileExec.dir/link.txt --verbose=1
/usr/bin/gcc   -Wextra -Wno-missing-field-initializers -Wno-sign-compare -Wall -Wno-unused -Wunused-value        CMakeFiles/cmTryCompileExec.dir/TestEndianess.c.o  -o cmTryCompileExec -rdynamic 
make[2]: Leaving directory `/NOBACKUP/davoudss/gromacs-4.6.1/CMakeFiles/CMakeTmp'
make[1]: Leaving directory `/NOBACKUP/davoudss/gromacs-4.6.1/CMakeFiles/CMakeTmp'

TestEndianess.c:
/* A 16 bit integer is required. */
typedef unsigned short cmakeint16;

/* On a little endian machine, these 16bit ints will give "THIS IS LITTLE ENDIAN."
   On a big endian machine the characters will be exchanged pairwise. */
const cmakeint16 info_little[] =  {0x4854, 0x5349, 0x4920, 0x2053, 0x494c, 0x5454, 0x454c, 0x4520, 0x444e, 0x4149, 0x2e4e, 0x0000};

/* on a big endian machine, these 16bit ints will give "THIS IS BIG ENDIAN."
   On a little endian machine the characters will be exchanged pairwise. */
const cmakeint16 info_big[] =     {0x5448, 0x4953, 0x2049, 0x5320, 0x4249, 0x4720, 0x454e, 0x4449, 0x414e, 0x2e2e, 0x0000};

#ifdef __CLASSIC_C__
int main(argc, argv) int argc; char *argv[];
#else
int main(int argc, char *argv[])
#endif
{
  int require = 0;
  require += info_little[argc];
  require += info_big[argc];
  (void)argv;
  return require;
}


Determining if the function pthread_create exists in the pthreads failed with the following output:
Change Dir: /NOBACKUP/davoudss/gromacs-4.6.1/CMakeFiles/CMakeTmp

Run Build Command:/usr/bin/make "cmTryCompileExec/fast"
make[1]: Entering directory `/NOBACKUP/davoudss/gromacs-4.6.1/CMakeFiles/CMakeTmp'
/usr/bin/make -f CMakeFiles/cmTryCompileExec.dir/build.make CMakeFiles/cmTryCompileExec.dir/build
make[2]: Entering directory `/NOBACKUP/davoudss/gromacs-4.6.1/CMakeFiles/CMakeTmp'
/usr/bin/cmake -E cmake_progress_report /NOBACKUP/davoudss/gromacs-4.6.1/CMakeFiles/CMakeTmp/CMakeFiles 1
Building C object CMakeFiles/cmTryCompileExec.dir/CheckFunctionExists.c.o
/usr/bin/gcc   -Wextra -Wno-missing-field-initializers -Wno-sign-compare -Wall -Wno-unused -Wunused-value    -DCHECK_FUNCTION_EXISTS=pthread_create   -o CMakeFiles/cmTryCompileExec.dir/CheckFunctionExists.c.o   -c /usr/share/cmake-2.8/Modules/CheckFunctionExists.c
Linking C executable cmTryCompileExec
/usr/bin/cmake -E cmake_link_script CMakeFiles/cmTryCompileExec.dir/link.txt --verbose=1
/usr/bin/gcc   -Wextra -Wno-missing-field-initializers -Wno-sign-compare -Wall -Wno-unused -Wunused-value    -DCHECK_FUNCTION_EXISTS=pthread_create    CMakeFiles/cmTryCompileExec.dir/CheckFunctionExists.c.o  -o cmTryCompileExec -rdynamic -lpthreads 
/usr/bin/ld: cannot find -lpthreads
collect2: ld returned 1 exit status
make[2]: *** [cmTryCompileExec] Error 1
make[2]: Leaving directory `/NOBACKUP/davoudss/gromacs-4.6.1/CMakeFiles/CMakeTmp'
make[1]: *** [cmTryCompileExec/fast] Error 2
make[1]: Leaving directory `/NOBACKUP/davoudss/gromacs-4.6.1/CMakeFiles/CMakeTmp'


Performing C SOURCE FILE Test _isfinite_compile_ok failed with the following output:
Change Dir: /NOBACKUP/davoudss/gromacs-4.6.1/CMakeFiles/CMakeTmp

Run Build Command:/usr/bin/make "cmTryCompileExec/fast"
make[1]: Entering directory `/NOBACKUP/davoudss/gromacs-4.6.1/CMakeFiles/CMakeTmp'
/usr/bin/make -f CMakeFiles/cmTryCompileExec.dir/build.make CMakeFiles/cmTryCompileExec.dir/build
make[2]: Entering directory `/NOBACKUP/davoudss/gromacs-4.6.1/CMakeFiles/CMakeTmp'
/usr/bin/cmake -E cmake_progress_report /NOBACKUP/davoudss/gromacs-4.6.1/CMakeFiles/CMakeTmp/CMakeFiles 1
Building C object CMakeFiles/cmTryCompileExec.dir/src.c.o
/usr/bin/gcc   -Wextra -Wno-missing-field-initializers -Wno-sign-compare -Wall -Wno-unused -Wunused-value    -D_isfinite_compile_ok -I/NOBACKUP/davoudss/gromacs-4.6.1/CMakeFiles/CMakeTmp/math.h    -o CMakeFiles/cmTryCompileExec.dir/src.c.o   -c /NOBACKUP/davoudss/gromacs-4.6.1/CMakeFiles/CMakeTmp/src.c
/NOBACKUP/davoudss/gromacs-4.6.1/CMakeFiles/CMakeTmp/src.c: In function ‘main’:
/NOBACKUP/davoudss/gromacs-4.6.1/CMakeFiles/CMakeTmp/src.c:4:3: warning: implicit declaration of function ‘_isfinite’ [-Wimplicit-function-declaration]
/NOBACKUP/davoudss/gromacs-4.6.1/CMakeFiles/CMakeTmp/src.c:5:1: warning: control reaches end of non-void function [-Wreturn-type]
/NOBACKUP/davoudss/gromacs-4.6.1/CMakeFiles/CMakeTmp/src.c:4:12: warning: ‘f’ is used uninitialized in this function [-Wuninitialized]
Linking C executable cmTryCompileExec
/usr/bin/cmake -E cmake_link_script CMakeFiles/cmTryCompileExec.dir/link.txt --verbose=1
/usr/bin/gcc   -Wextra -Wno-missing-field-initializers -Wno-sign-compare -Wall -Wno-unused -Wunused-value    -D_isfinite_compile_ok    CMakeFiles/cmTryCompileExec.dir/src.c.o  -o cmTryCompileExec -rdynamic -lm 
CMakeFiles/cmTryCompileExec.dir/src.c.o: In function `main':
src.c:(.text+0x16): undefined reference to `_isfinite'
collect2: ld returned 1 exit status
make[2]: Leaving directory `/NOBACKUP/davoudss/gromacs-4.6.1/CMakeFiles/CMakeTmp'
make[2]: *** [cmTryCompileExec] Error 1
make[1]: Leaving directory `/NOBACKUP/davoudss/gromacs-4.6.1/CMakeFiles/CMakeTmp'
make[1]: *** [cmTryCompileExec/fast] Error 2

Source file was:
#include <math.h>
int main(void) {
  float f;
  _isfinite(f);
}
Performing C SOURCE FILE Test _finite_compile_ok failed with the following output:
Change Dir: /NOBACKUP/davoudss/gromacs-4.6.1/CMakeFiles/CMakeTmp

Run Build Command:/usr/bin/make "cmTryCompileExec/fast"
make[1]: Entering directory `/NOBACKUP/davoudss/gromacs-4.6.1/CMakeFiles/CMakeTmp'
/usr/bin/make -f CMakeFiles/cmTryCompileExec.dir/build.make CMakeFiles/cmTryCompileExec.dir/build
make[2]: Entering directory `/NOBACKUP/davoudss/gromacs-4.6.1/CMakeFiles/CMakeTmp'
/usr/bin/cmake -E cmake_progress_report /NOBACKUP/davoudss/gromacs-4.6.1/CMakeFiles/CMakeTmp/CMakeFiles 1
Building C object CMakeFiles/cmTryCompileExec.dir/src.c.o
/usr/bin/gcc   -Wextra -Wno-missing-field-initializers -Wno-sign-compare -Wall -Wno-unused -Wunused-value    -D_finite_compile_ok -I/NOBACKUP/davoudss/gromacs-4.6.1/CMakeFiles/CMakeTmp/float.h    -o CMakeFiles/cmTryCompileExec.dir/src.c.o   -c /NOBACKUP/davoudss/gromacs-4.6.1/CMakeFiles/CMakeTmp/src.c
/NOBACKUP/davoudss/gromacs-4.6.1/CMakeFiles/CMakeTmp/src.c: In function ‘main’:
/NOBACKUP/davoudss/gromacs-4.6.1/CMakeFiles/CMakeTmp/src.c:4:3: warning: implicit declaration of function ‘_finite’ [-Wimplicit-function-declaration]
/NOBACKUP/davoudss/gromacs-4.6.1/CMakeFiles/CMakeTmp/src.c:5:1: warning: control reaches end of non-void function [-Wreturn-type]
/NOBACKUP/davoudss/gromacs-4.6.1/CMakeFiles/CMakeTmp/src.c:4:10: warning: ‘f’ is used uninitialized in this function [-Wuninitialized]
Linking C executable cmTryCompileExec
/usr/bin/cmake -E cmake_link_script CMakeFiles/cmTryCompileExec.dir/link.txt --verbose=1
/usr/bin/gcc   -Wextra -Wno-missing-field-initializers -Wno-sign-compare -Wall -Wno-unused -Wunused-value    -D_finite_compile_ok    CMakeFiles/cmTryCompileExec.dir/src.c.o  -o cmTryCompileExec -rdynamic 
CMakeFiles/cmTryCompileExec.dir/src.c.o: In function `main':
src.c:(.text+0x16): undefined reference to `_finite'
collect2: ld returned 1 exit status
make[2]: *** [cmTryCompileExec] Error 1
make[2]: Leaving directory `/NOBACKUP/davoudss/gromacs-4.6.1/CMakeFiles/CMakeTmp'
make[1]: Leaving directory `/NOBACKUP/davoudss/gromacs-4.6.1/CMakeFiles/CMakeTmp'
make[1]: *** [cmTryCompileExec/fast] Error 2

Source file was:
#include <float.h>
int main(void) {
  float f;
  _finite(f);
}
Determining if the include file intrin.h exists failed with the following output:
Change Dir: /NOBACKUP/davoudss/gromacs-4.6.1/CMakeFiles/CMakeTmp

Run Build Command:/usr/bin/make "cmTryCompileExec/fast"
make[1]: Entering directory `/NOBACKUP/davoudss/gromacs-4.6.1/CMakeFiles/CMakeTmp'
/usr/bin/make -f CMakeFiles/cmTryCompileExec.dir/build.make CMakeFiles/cmTryCompileExec.dir/build
make[2]: Entering directory `/NOBACKUP/davoudss/gromacs-4.6.1/CMakeFiles/CMakeTmp'
/usr/bin/cmake -E cmake_progress_report /NOBACKUP/davoudss/gromacs-4.6.1/CMakeFiles/CMakeTmp/CMakeFiles 1
Building C object CMakeFiles/cmTryCompileExec.dir/CheckIncludeFile.c.o
/usr/bin/gcc   -Wextra -Wno-missing-field-initializers -Wno-sign-compare -Wall -Wno-unused -Wunused-value   -mavx      -o CMakeFiles/cmTryCompileExec.dir/CheckIncludeFile.c.o   -c /NOBACKUP/davoudss/gromacs-4.6.1/CMakeFiles/CMakeTmp/CheckIncludeFile.c
/NOBACKUP/davoudss/gromacs-4.6.1/CMakeFiles/CMakeTmp/CheckIncludeFile.c:1:20: fatal error: intrin.h: No such file or directory
compilation terminated.
make[2]: *** [CMakeFiles/cmTryCompileExec.dir/CheckIncludeFile.c.o] Error 1
make[2]: Leaving directory `/NOBACKUP/davoudss/gromacs-4.6.1/CMakeFiles/CMakeTmp'
make[1]: Leaving directory `/NOBACKUP/davoudss/gromacs-4.6.1/CMakeFiles/CMakeTmp'
make[1]: *** [cmTryCompileExec/fast] Error 2


Determining if the function fftw_have_simd_avx exists in the /usr/lib/libfftw3.so failed with the following output:
Change Dir: /NOBACKUP/davoudss/gromacs-4.6.1/CMakeFiles/CMakeTmp

Run Build Command:/usr/bin/make "cmTryCompileExec/fast"
make[1]: Entering directory `/NOBACKUP/davoudss/gromacs-4.6.1/CMakeFiles/CMakeTmp'
/usr/bin/make -f CMakeFiles/cmTryCompileExec.dir/build.make CMakeFiles/cmTryCompileExec.dir/build
make[2]: Entering directory `/NOBACKUP/davoudss/gromacs-4.6.1/CMakeFiles/CMakeTmp'
/usr/bin/cmake -E cmake_progress_report /NOBACKUP/davoudss/gromacs-4.6.1/CMakeFiles/CMakeTmp/CMakeFiles 1
Building C object CMakeFiles/cmTryCompileExec.dir/CheckFunctionExists.c.o
/usr/bin/gcc   -Wextra -Wno-missing-field-initializers -Wno-sign-compare -Wall -Wno-unused -Wunused-value    -DCHECK_FUNCTION_EXISTS=fftw_have_simd_avx   -o CMakeFiles/cmTryCompileExec.dir/CheckFunctionExists.c.o   -c /usr/share/cmake-2.8/Modules/CheckFunctionExists.c
Linking C executable cmTryCompileExec
/usr/bin/cmake -E cmake_link_script CMakeFiles/cmTryCompileExec.dir/link.txt --verbose=1
/usr/bin/gcc   -Wextra -Wno-missing-field-initializers -Wno-sign-compare -Wall -Wno-unused -Wunused-value    -DCHECK_FUNCTION_EXISTS=fftw_have_simd_avx    CMakeFiles/cmTryCompileExec.dir/CheckFunctionExists.c.o  -o cmTryCompileExec -rdynamic -lfftw3 -lm 
CMakeFiles/cmTryCompileExec.dir/CheckFunctionExists.c.o: In function `main':
CheckFunctionExists.c:(.text+0x15): undefined reference to `fftw_have_simd_avx'
collect2: ld returned 1 exit status
make[2]: Leaving directory `/NOBACKUP/davoudss/gromacs-4.6.1/CMakeFiles/CMakeTmp'
make[2]: *** [cmTryCompileExec] Error 1
make[1]: *** [cmTryCompileExec/fast] Error 2
make[1]: Leaving directory `/NOBACKUP/davoudss/gromacs-4.6.1/CMakeFiles/CMakeTmp'


